<?xml version="1.0" encoding="UTF-8"?>
<!-- Generated by org.testng.reporters.JUnitReportReporter -->
<testsuite hostname="TECH-LP-1852" failures="0" tests="1" name="runner.RunCuke" time="9.446" errors="0" timestamp="2023-03-14T13:33:03 IST" skipped="0">
  <testcase classname="runner.RunCuke" name="runScenario" time="9.446"/>
  <system-out/>
</testsuite> <!-- runner.RunCuke -->
