<?xml version="1.0" encoding="UTF-8"?>
<!-- Generated by org.testng.reporters.JUnitReportReporter -->
<testsuite hostname="TECH-LP-1852" failures="0" tests="3" name="runner.RunCuke" time="0.200" errors="3" timestamp="2023-03-04T18:52:58 IST" skipped="0">
  <testcase classname="runner.RunCuke" name="runScenario" time="0.164">
    <error message="Cannot invoke &quot;String.equalsIgnoreCase(String)&quot; because &quot;browser&quot; is null" type="java.lang.NullPointerException">
      <![CDATA[java.lang.NullPointerException: Cannot invoke "String.equalsIgnoreCase(String)" because "browser" is null
at utils.SeleniumDriver.<init>(SeleniumDriver.java:26)
at utils.SeleniumDriver.setUpDriver(SeleniumDriver.java:54)
at steps.Hooks.setUp(Hooks.java:22)
]]>
    </error>
  </testcase> <!-- runScenario -->
  <system-out/>
  <testcase classname="runner.RunCuke" name="runScenario" time="0.013">
    <error message="Cannot invoke &quot;String.equalsIgnoreCase(String)&quot; because &quot;browser&quot; is null" type="java.lang.NullPointerException">
      <![CDATA[java.lang.NullPointerException: Cannot invoke "String.equalsIgnoreCase(String)" because "browser" is null
at utils.SeleniumDriver.<init>(SeleniumDriver.java:26)
at utils.SeleniumDriver.setUpDriver(SeleniumDriver.java:54)
at steps.Hooks.setUp(Hooks.java:22)
]]>
    </error>
  </testcase> <!-- runScenario -->
  <system-out/>
  <testcase classname="runner.RunCuke" name="runScenario" time="0.023">
    <error message="Cannot invoke &quot;String.equalsIgnoreCase(String)&quot; because &quot;browser&quot; is null" type="java.lang.NullPointerException">
      <![CDATA[java.lang.NullPointerException: Cannot invoke "String.equalsIgnoreCase(String)" because "browser" is null
at utils.SeleniumDriver.<init>(SeleniumDriver.java:26)
at utils.SeleniumDriver.setUpDriver(SeleniumDriver.java:54)
at steps.Hooks.setUp(Hooks.java:22)
]]>
    </error>
  </testcase> <!-- runScenario -->
  <system-out/>
</testsuite> <!-- runner.RunCuke -->
